[2024-05-03 04:44:10,917] {main.py:341} : INFO | Data loaded successfully.
[2024-05-03 04:44:10,917] {cleaning.py:50} : INFO | The original dataset shape: (384, 1039)
[2024-05-03 04:44:10,921] {cleaning.py:75} : INFO | Original column labels: Index(['ID', 'Sample_ID', 'Participant_ID', 'Dataset', 'Disease', 'Age',
       'TREAT', 'FT1', 'FT2', 'FT3',
       ...
       'HPA049320_SBA4_rep1', 'HPA051620_SBA4_rep1', 'HPA054862_SBA4_rep1',
       'HPA003901_SBA4_rep1', 'HPA035863_SBA4_rep1', 'HPA040052_SBA4_rep1',
       'HPA041542_SBA4_rep1', 'HPA044582_SBA4_rep1', 'HPA045702_SBA4_rep1',
       'HPA048982_SBA4_rep1'],
      dtype='object', length=1039)
[2024-05-03 04:44:10,936] {cleaning.py:105} : INFO | Column HPA003948_SBA1_rep1 has 0.00% non-NA values
[2024-05-03 04:44:10,936] {cleaning.py:105} : INFO | Column HPA057437_SBA3_rep1 has 0.00% non-NA values
[2024-05-03 04:44:10,936] {cleaning.py:105} : INFO | Column HPA003948_SBA3_rep1 has 0.00% non-NA values
[2024-05-03 04:44:10,936] {cleaning.py:105} : INFO | Column HPA034960_SBA3_rep1 has 0.00% non-NA values
[2024-05-03 04:44:10,936] {cleaning.py:105} : INFO | Column HPA058513_SBA3_rep1 has 0.00% non-NA values
[2024-05-03 04:44:10,936] {cleaning.py:105} : INFO | Column HPA074922_SBA3_rep1 has 0.00% non-NA values
[2024-05-03 04:44:10,936] {cleaning.py:105} : INFO | Column HPA000837_SBA4_rep1 has 0.00% non-NA values
[2024-05-03 04:44:10,936] {cleaning.py:105} : INFO | Column HPA001482_SBA4_rep1 has 0.00% non-NA values
[2024-05-03 04:44:10,936] {cleaning.py:105} : INFO | Column HPA000293_SBA4_rep1 has 0.00% non-NA values
[2024-05-03 04:44:10,936] {cleaning.py:105} : INFO | Column HPA031466_SBA4_rep1 has 0.00% non-NA values
[2024-05-03 04:44:10,937] {cleaning.py:105} : INFO | Column HPA040972_SBA4_rep1 has 0.00% non-NA values
[2024-05-03 04:44:10,937] {cleaning.py:105} : INFO | Column HPA010558_SBA4_rep1 has 0.00% non-NA values
[2024-05-03 04:44:10,937] {cleaning.py:105} : INFO | Column HPA020610_SBA4_rep1 has 0.00% non-NA values
[2024-05-03 04:44:10,937] {cleaning.py:105} : INFO | Column HPA030651_SBA4_rep1 has 0.00% non-NA values
[2024-05-03 04:44:10,937] {cleaning.py:105} : INFO | Column HPA000226_SBA4_rep1 has 0.00% non-NA values
[2024-05-03 04:44:10,937] {cleaning.py:105} : INFO | Column HPA041991_SBA4_rep1 has 0.00% non-NA values
[2024-05-03 04:44:10,937] {cleaning.py:105} : INFO | Column HPA000564_SBA4_rep1 has 0.00% non-NA values
[2024-05-03 04:44:10,937] {cleaning.py:105} : INFO | Column HPA035222_SBA4_rep1 has 0.00% non-NA values
[2024-05-03 04:44:10,937] {cleaning.py:105} : INFO | Column HPA041943_SBA4_rep1 has 0.00% non-NA values
[2024-05-03 04:44:10,937] {cleaning.py:105} : INFO | Column HPA001833_SBA4_rep1 has 0.00% non-NA values
[2024-05-03 04:44:10,937] {cleaning.py:105} : INFO | Column HPA003927_SBA4_rep1 has 0.00% non-NA values
[2024-05-03 04:44:10,937] {cleaning.py:105} : INFO | Column HPA011918_SBA4_rep1 has 0.00% non-NA values
[2024-05-03 04:44:10,937] {cleaning.py:105} : INFO | Column HPA023314_SBA4_rep1 has 0.00% non-NA values
[2024-05-03 04:44:10,937] {cleaning.py:105} : INFO | Column HPA031335_SBA4_rep1 has 0.00% non-NA values
[2024-05-03 04:44:10,937] {cleaning.py:105} : INFO | Column HPA031717_SBA4_rep1 has 0.00% non-NA values
[2024-05-03 04:44:10,937] {cleaning.py:108} : INFO | We have 25 proteins with less than 1% datapoints
[2024-05-03 04:44:10,939] {cleaning.py:122} : INFO | Dataset after low % column drop: (384, 1014)
[2024-05-03 04:44:10,940] {cleaning.py:134} : INFO | Dropped calibration columns: ['TREAT', 'Plate', 'Location', 'Empty_SBA1_rep1', 'Rabbit.IgG_SBA1_rep1']
[2024-05-03 04:44:10,940] {cleaning.py:135} : INFO | Dataset after calibration column drop: (384, 1009)
[2024-05-03 04:44:10,943] {cleaning.py:147} : INFO | Dropped wrong ID rows: ['BLANK', 'POOL 1', 'POOL 2']
[2024-05-03 04:44:10,943] {cleaning.py:148} : INFO | After wrong ID drop: (372, 1009)
[2024-05-03 04:44:10,945] {cleaning.py:159} : INFO | After na ID/Disease drop: (363, 1009)
[2024-05-03 04:44:10,974] {cleaning.py:173} : INFO | After sample duplicate drop: (348, 1009)
[2024-05-03 04:44:10,975] {cleaning.py:192} : INFO | After FT5 na drop: (301, 1009)
[2024-05-03 04:44:11,183] {cleaning.py:204} : INFO | Post-cleaning columns: Index(['ID', 'Sample_ID', 'Participant_ID', 'Dataset', 'Disease', 'Age', 'FT1',
       'FT2', 'FT3', 'FT4',
       ...
       'HPA049320_SBA4_rep1', 'HPA051620_SBA4_rep1', 'HPA054862_SBA4_rep1',
       'HPA003901_SBA4_rep1', 'HPA035863_SBA4_rep1', 'HPA040052_SBA4_rep1',
       'HPA041542_SBA4_rep1', 'HPA044582_SBA4_rep1', 'HPA045702_SBA4_rep1',
       'HPA048982_SBA4_rep1'],
      dtype='object', length=1009)
[2024-05-03 04:44:11,183] {cleaning.py:205} : INFO | Cleaned dataset shape: (301, 1009)
[2024-05-03 04:44:11,287] {utils.py:316} : INFO | |--- RESULTS ---|
[2024-05-03 04:44:11,287] {utils.py:317} : INFO | ORIGINAL DATASET
[2024-05-03 04:44:11,287] {utils.py:318} : INFO | File: normalised_data_all_w_clinical_kex_20240321.csv
[2024-05-03 04:44:11,287] {utils.py:319} : INFO | shape: (301, 1009)
[2024-05-03 04:44:11,287] {utils.py:320} : INFO | mean FT5: 21.973421926910298
[2024-05-03 04:44:11,287] {utils.py:321} : INFO | median FT5: 23.0
[2024-05-03 04:44:11,287] {utils.py:322} : INFO | variance FT5: 64.17262458471761
[2024-05-03 04:44:11,287] {utils.py:323} : INFO | std deviation FT5: 8.010781771133052
[2024-05-03 04:44:11,288] {utils.py:324} : INFO | max FT5: 34
[2024-05-03 04:44:11,288] {utils.py:325} : INFO | min FT5: 1
[2024-05-03 04:44:11,290] {utils.py:326} : INFO | mean protein intensities: 12.331256538045068
[2024-05-03 04:44:11,305] {utils.py:327} : INFO | median protein intensities: 12.32640037713433
[2024-05-03 04:44:11,310] {utils.py:328} : INFO | variance protein intensities: 0.026574325939378692
[2024-05-03 04:44:11,314] {utils.py:329} : INFO | std deviation protein intensities: 0.12609969268146295
[2024-05-03 04:44:11,316] {utils.py:330} : INFO | max protein intensities: 16.6934712065454
[2024-05-03 04:44:11,319] {utils.py:331} : INFO | min protein intensities: 8.72125121808696

[2024-05-03 04:44:11,319] {utils.py:334} : INFO | IMPUTATION MODES
[2024-05-03 04:44:11,319] {utils.py:335} : INFO | SimpleImputer: True
[2024-05-03 04:44:11,319] {utils.py:336} : INFO | IterativeImputer: False
[2024-05-03 04:44:11,319] {utils.py:337} : INFO | KNN_Imputer: False
[2024-05-03 04:44:11,319] {utils.py:338} : INFO | no_imputation: False
[2024-05-03 04:44:11,319] {utils.py:339} : INFO | nan_elimination: True
[2024-05-03 04:44:11,319] {utils.py:340} : INFO | nan elimination drop: columns

[2024-05-03 04:44:11,319] {utils.py:343} : INFO | DATA NORMALIZATION
[2024-05-03 04:44:11,319] {utils.py:344} : INFO | first_column_to_normalize: 11

[2024-05-03 04:44:11,319] {utils.py:347} : INFO | CATEGORIZATION
[2024-05-03 04:44:11,319] {utils.py:351} : INFO | Number of classes: 2
[2024-05-03 04:44:11,319] {utils.py:352} : INFO | Cut-offs: [17]
[2024-05-03 04:44:11,319] {utils.py:355} : INFO | Test_proportion: 0.2
[2024-05-03 04:44:11,319] {utils.py:356} : INFO | Training proportion: 0.8
[2024-05-03 04:44:11,319] {utils.py:357} : INFO | X_start_column_idx: 11
[2024-05-03 04:44:11,319] {utils.py:358} : INFO | y_column_label: FT5
[2024-05-03 04:44:11,319] {utils.py:361} : INFO | FEATURE SELECTION
[2024-05-03 04:44:11,319] {utils.py:362} : INFO | score_func: <function f_classif at 0x000002466B492F20>
[2024-05-03 04:44:11,319] {utils.py:363} : INFO | k: 60

[2024-05-03 04:44:11,319] {utils.py:366} : INFO | CLASSIFIERS
[2024-05-03 04:44:11,319] {utils.py:367} : INFO | SVR: False
[2024-05-03 04:44:11,319] {utils.py:368} : INFO | SVC: True

[2024-05-03 06:13:29,843] {utils.py:379} : INFO | |--- PROCESSED DATASET ---|
[2024-05-03 06:13:29,843] {utils.py:383} : INFO | IMPUTATION
[2024-05-03 06:13:29,843] {utils.py:384} : INFO | Date: 2024-05-03 04:44:11.253633
[2024-05-03 06:13:29,843] {utils.py:385} : INFO | Imputer type: SimpleImputer
[2024-05-03 06:13:29,843] {utils.py:387} : INFO | add_indicator_simple_imp: False
[2024-05-03 06:13:29,843] {utils.py:388} : INFO | copy_simple_imp: True
[2024-05-03 06:13:29,843] {utils.py:389} : INFO | strategy_simple_imp: ['mean']
[2024-05-03 06:13:29,843] {utils.py:408} : INFO | shape: (301, 1009)

[2024-05-03 06:13:29,843] {utils.py:413} : INFO | SUMMARY STATISTICS
[2024-05-03 06:13:29,844] {utils.py:414} : INFO | mean FT5: 0.24916943521594684
[2024-05-03 06:13:29,844] {utils.py:415} : INFO | median FT5: 0.0
[2024-05-03 06:13:29,844] {utils.py:416} : INFO | variance FT5: 0.1877076411960133
[2024-05-03 06:13:29,844] {utils.py:417} : INFO | std deviation FT5: 0.43325239895009615
[2024-05-03 06:13:29,844] {utils.py:418} : INFO | max FT5: 1
[2024-05-03 06:13:29,844] {utils.py:419} : INFO | min FT5: 0
[2024-05-03 06:13:29,846] {utils.py:420} : INFO | mean protein intensities: -3.066797166308967e-16
[2024-05-03 06:13:29,859] {utils.py:421} : INFO | median protein intensities: -0.019000683825979615
[2024-05-03 06:13:29,863] {utils.py:422} : INFO | variance protein intensities: 1.0033333333333334
[2024-05-03 06:13:29,866] {utils.py:423} : INFO | std deviation protein intensities: 1.0016652800877814
[2024-05-03 06:13:29,868] {utils.py:424} : INFO | max protein intensities: 12.401066444691272
[2024-05-03 06:13:29,869] {utils.py:425} : INFO | min protein intensities: -16.24621858875881

[2024-05-03 06:13:29,869] {utils.py:428} : INFO | CLASSIFIER
[2024-05-03 06:13:29,872] {utils.py:429} : INFO | Classifier: SVC(cache_size=500, coef0=-10000.0, degree=1, gamma='auto', kernel='poly',
    max_iter=1000000, random_state=42, tol=0.1, verbose=1)
[2024-05-03 06:13:29,872] {utils.py:430} : INFO | Test accuracy: 0.8360655737704918
[2024-05-03 06:13:29,872] {utils.py:434} : INFO | Best parameters combination found:
[2024-05-03 06:13:29,872] {utils.py:437} : INFO | C: 1.0
[2024-05-03 06:13:29,872] {utils.py:437} : INFO | break_ties: False
[2024-05-03 06:13:29,872] {utils.py:437} : INFO | cache_size: 500
[2024-05-03 06:13:29,872] {utils.py:437} : INFO | coef0: -10000.0
[2024-05-03 06:13:29,872] {utils.py:437} : INFO | decision_function_shape: ovr
[2024-05-03 06:13:29,872] {utils.py:437} : INFO | degree: 1
[2024-05-03 06:13:29,872] {utils.py:437} : INFO | gamma: auto
[2024-05-03 06:13:29,872] {utils.py:437} : INFO | kernel: poly
[2024-05-03 06:13:29,872] {utils.py:437} : INFO | max_iter: 1000000
[2024-05-03 06:13:29,873] {utils.py:437} : INFO | probability: False
[2024-05-03 06:13:29,873] {utils.py:437} : INFO | random_state: 42
[2024-05-03 06:13:29,873] {utils.py:437} : INFO | shrinking: True
[2024-05-03 06:13:29,873] {utils.py:437} : INFO | tol: 0.1
[2024-05-03 06:13:29,873] {utils.py:437} : INFO | verbose: 1
[2024-05-03 06:13:31,333] {utils.py:456} : INFO | Grid search completed. Grid search results saved to TP꞉SimpleImputer_ST꞉mean_CL꞉17_KF꞉60_PR꞉0.2_RS꞉42_CL꞉SVC_DT꞉2024-05-03-044411.csv!

[2024-05-03 07:48:36,770] {utils.py:379} : INFO | |--- PROCESSED DATASET ---|
[2024-05-03 07:48:36,770] {utils.py:383} : INFO | IMPUTATION
[2024-05-03 07:48:36,770] {utils.py:384} : INFO | Date: 2024-05-03 04:44:11.256495
[2024-05-03 07:48:36,770] {utils.py:385} : INFO | Imputer type: nan_elimination
[2024-05-03 07:48:36,771] {utils.py:405} : INFO | drop_cols_nan_elim: True
[2024-05-03 07:48:36,771] {utils.py:408} : INFO | shape: (301, 227)

[2024-05-03 07:48:36,771] {utils.py:413} : INFO | SUMMARY STATISTICS
[2024-05-03 07:48:36,771] {utils.py:414} : INFO | mean FT5: 0.24916943521594684
[2024-05-03 07:48:36,771] {utils.py:415} : INFO | median FT5: 0.0
[2024-05-03 07:48:36,771] {utils.py:416} : INFO | variance FT5: 0.1877076411960133
[2024-05-03 07:48:36,771] {utils.py:417} : INFO | std deviation FT5: 0.43325239895009615
[2024-05-03 07:48:36,771] {utils.py:418} : INFO | max FT5: 1
[2024-05-03 07:48:36,771] {utils.py:419} : INFO | min FT5: 0
[2024-05-03 07:48:36,772] {utils.py:420} : INFO | mean protein intensities: -8.904188106935856e-16
[2024-05-03 07:48:36,775] {utils.py:421} : INFO | median protein intensities: -0.0035063972483872045
[2024-05-03 07:48:36,776] {utils.py:422} : INFO | variance protein intensities: 1.0033333333333336
[2024-05-03 07:48:36,776] {utils.py:423} : INFO | std deviation protein intensities: 1.0016652800877814
[2024-05-03 07:48:36,777] {utils.py:424} : INFO | max protein intensities: 9.426379219084417
[2024-05-03 07:48:36,777] {utils.py:425} : INFO | min protein intensities: -9.520120064861043

[2024-05-03 07:48:36,777] {utils.py:428} : INFO | CLASSIFIER
[2024-05-03 07:48:36,778] {utils.py:429} : INFO | Classifier: SVC(C=1e-06, cache_size=500, coef0=100.0, degree=4, gamma='auto', kernel='poly',
    max_iter=1000000, random_state=42, tol=0.1, verbose=1)
[2024-05-03 07:48:36,778] {utils.py:430} : INFO | Test accuracy: 0.8360655737704918
[2024-05-03 07:48:36,778] {utils.py:434} : INFO | Best parameters combination found:
[2024-05-03 07:48:36,778] {utils.py:437} : INFO | C: 1e-06
[2024-05-03 07:48:36,778] {utils.py:437} : INFO | break_ties: False
[2024-05-03 07:48:36,778] {utils.py:437} : INFO | cache_size: 500
[2024-05-03 07:48:36,778] {utils.py:437} : INFO | coef0: 100.0
[2024-05-03 07:48:36,778] {utils.py:437} : INFO | decision_function_shape: ovr
[2024-05-03 07:48:36,778] {utils.py:437} : INFO | degree: 4
[2024-05-03 07:48:36,778] {utils.py:437} : INFO | gamma: auto
[2024-05-03 07:48:36,778] {utils.py:437} : INFO | kernel: poly
[2024-05-03 07:48:36,778] {utils.py:437} : INFO | max_iter: 1000000
[2024-05-03 07:48:36,778] {utils.py:437} : INFO | probability: False
[2024-05-03 07:48:36,778] {utils.py:437} : INFO | random_state: 42
[2024-05-03 07:48:36,778] {utils.py:437} : INFO | shrinking: True
[2024-05-03 07:48:36,778] {utils.py:437} : INFO | tol: 0.1
[2024-05-03 07:48:36,778] {utils.py:437} : INFO | verbose: 1
[2024-05-03 07:48:38,272] {utils.py:456} : INFO | Grid search completed. Grid search results saved to TP꞉nan_elimination_CL꞉17_KF꞉60_PR꞉0.2_RS꞉42_CL꞉SVC_DT꞉2024-05-03-044411.csv!

