[2024-05-17 12:35:07,903] {main.py      :417 } : INFO | ======================= PIPELINE LOG ========================= |
[2024-05-17 12:35:07,903] {main.py      :418 } : INFO | Date: 2024-05-17 12:35:07
[2024-05-17 12:35:07,903] {main.py      :419 } : INFO | Debug mode: False
[2024-05-17 12:35:07,971] {cleaning.py  :55  } : INFO | /__ Data Cleaning _____________________________________________
[2024-05-17 12:35:07,971] {cleaning.py  :61  } : INFO | Cleaning dataset: C:\Users\Alwis\PycharmProjects\KEX-DA150x-KTH\data\dataset\normalised_data_all_w_clinical_kex_20240321.csv
[2024-05-17 12:35:07,972] {cleaning.py  :62  } : INFO | Original dataset shape: (384, 1039)
[2024-05-17 12:35:07,978] {cleaning.py  :120 } : INFO | We have 25 proteins with less than 1% datapoints
[2024-05-17 12:35:07,979] {cleaning.py  :134 } : INFO | Dataset after low % column drop: (384, 1014)
[2024-05-17 12:35:07,980] {cleaning.py  :146 } : INFO | Dropped calibration columns: ['TREAT', 'Plate', 'Location', 'Empty_SBA1_rep1', 'Rabbit.IgG_SBA1_rep1']
[2024-05-17 12:35:07,981] {cleaning.py  :147 } : INFO | Dataset after calibration column drop: (384, 1009)
[2024-05-17 12:35:07,984] {cleaning.py  :159 } : INFO | Dropped wrong ID rows: ['BLANK', 'POOL 1', 'POOL 2']
[2024-05-17 12:35:07,984] {cleaning.py  :160 } : INFO | After wrong ID drop: (372, 1009)
[2024-05-17 12:35:07,986] {cleaning.py  :171 } : INFO | After na ID/Disease drop: (363, 1009)
[2024-05-17 12:35:08,017] {cleaning.py  :185 } : INFO | After sample duplicate drop: (348, 1009)
[2024-05-17 12:35:08,018] {cleaning.py  :204 } : INFO | After FT5 na drop: (301, 1009)
[2024-05-17 12:35:08,233] {cleaning.py  :218 } : INFO | Cleaned dataset shape: (301, 1009)

[2024-05-17 12:35:08,235] {main.py      :492 } : INFO | Data loaded and cleaned successfully.

[2024-05-17 12:35:13,261] {features.py  :290 } : INFO | /__ FEATURE SELECTION _________________________________________
[2024-05-17 12:35:13,266] {features.py  :291 } : INFO | Mean std deviation X train: ---------------- 0.12655846324858672

[2024-05-17 12:35:13,267] {features.py  :292 } : INFO | Feature Selection Method: ------------- XGB-RFECV
[2024-05-17 12:35:13,267] {features.py  :293 } : INFO | Objective function: ------------------ binary:logistic
[2024-05-17 12:35:13,267] {features.py  :294 } : INFO | Minimum features to select: ---------- 1
[2024-05-17 12:35:13,267] {features.py  :295 } : INFO | Step size: --------------------------- 1
[2024-05-17 12:35:13,267] {features.py  :296 } : INFO | Num estimators/trees: ---------------- 998 (1 per feature)
[2024-05-17 12:35:13,267] {features.py  :297 } : INFO | Num CV folds: 5
[2024-05-17 12:35:13,267] {features.py  :298 } : INFO | Starting XGB-RFE-CV Feature Selection ...
[2024-05-17 13:51:36,989] {features.py  :309 } : INFO | Finished: ---------------------------- 2024-05-17 13:51:36
[2024-05-17 13:51:36,989] {features.py  :310 } : INFO | Run time: ---------------------------- 1h:16m:27s 870.774ms to run.
[2024-05-17 13:51:37,003] {features.py  :317 } : INFO | Classes: ----------------------------- [0 1]
[2024-05-17 13:51:37,003] {features.py  :318 } : INFO | Accuracy score: ---------------------- 0.7049180327868853
[2024-05-17 13:51:37,003] {features.py  :319 } : INFO | Num optimal features found: ---------- 190
