[2024-05-11 01:09:38,750] {main.py:460----} : INFO | |--- PIPELINE ---|
[2024-05-11 01:09:38,750] {main.py:461----} : INFO | Date: 2024-05-11 01:09:38
[2024-05-11 01:09:38,750] {main.py:462----} : INFO | Debug mode: False
[2024-05-11 01:09:38,750] {main.py:463----} : INFO | Data loaded successfully.

[2024-05-11 01:09:38,750] {cleaning.py:55-} : INFO | |--- Data Cleaning ---|
[2024-05-11 01:09:38,750] {cleaning.py:61-} : INFO | Cleaning dataset: KEX-DA150x-KTH\data\dataset\normalised_data_all_w_clinical_kex_20240321.csv
[2024-05-11 01:09:38,750] {cleaning.py:62-} : INFO | Original dataset shape: --------------------------------------------- (384, 1039)
[2024-05-11 01:09:38,778] {cleaning.py:120} : INFO | Num features with >99% missingness: ---------------------------------  25
[2024-05-11 01:09:38,779] {cleaning.py:134} : INFO | Shape after dropping features with high missingness (>99%): --------- (384, 1014)
[2024-05-11 01:09:38,779] {cleaning.py:146} : INFO | Calibration columns: ------------------------------------------------ ['TREAT', 'Plate', 'Location', 'Empty_SBA1_rep1', 'Rabbit.IgG_SBA1_rep1']
[2024-05-11 01:09:38,779] {cleaning.py:147} : INFO | Shape after dropping calibration columns: --------------------------- (384, 1009)
[2024-05-11 01:09:38,781] {cleaning.py:159} : INFO | Calibration samples: ------------------------------------------------ ['BLANK', 'POOL 1', 'POOL 2']
[2024-05-11 01:09:38,781] {cleaning.py:160} : INFO | Shape after dropping calibration samples: --------------------------- (372, 1009)
[2024-05-11 01:09:38,788] {cleaning.py:171} : INFO | Shape after dropping samples with missing 'Sample_ID' or 'Disease': - (363, 1009)
[2024-05-11 01:09:38,829] {cleaning.py:185} : INFO | Shape after dropping duplicate samples: ----------------------------- (348, 1009)
[2024-05-11 01:09:38,829] {cleaning.py:204} : INFO | Shape after dropping samples with missing 'FT5': -------------------- (301, 1009)
[2024-05-11 01:09:39,050] {cleaning.py:218} : INFO | Final cleaned dataset shape: ---------------------------------------- (301, 1009)
[2024-05-10 17:35:09,135] {cleaning.py:218} : INFO | Sparse: False
[2024-05-10 17:35:09,135] {cleaning.py:218} : INFO | Cleaned dataset saved to: 2024-05-11-010938__FeatureSelect__cleaned_data.csv

[2024-05-11 02:33:52,925] {utils.py:358---} : INFO | |--- DATASET ---|
[2024-05-11 02:33:52,925] {utils.py:361---} : INFO | Missing indicators: -----------------  True
[2024-05-11 02:33:52,925] {utils.py:362---} : INFO | shape: ------------------------------ (301, 1786)
[2024-05-11 02:33:52,925] {utils.py:363---} : INFO | mean FT5: ---------------------------  0.24916943521594684
[2024-05-11 02:33:52,925] {utils.py:364---} : INFO | median FT5: -------------------------  0.0
[2024-05-11 02:33:52,925] {utils.py:365---} : INFO | variance FT5: -----------------------  0.1877076411960133
[2024-05-11 02:33:52,925] {utils.py:366---} : INFO | std deviation FT5: ------------------  0.43325239895009615
[2024-05-11 02:33:52,932] {utils.py:367---} : INFO | max FT5: ----------------------------  1
[2024-05-11 02:33:52,932] {utils.py:368---} : INFO | min FT5: ----------------------------  0
[2024-05-11 02:33:52,933] {utils.py:369---} : INFO | mean protein intensities: -----------  6.978366574359014
[2024-05-11 02:33:52,947] {utils.py:370---} : INFO | median protein intensities: ---------  6.94971694443947
[2024-05-11 02:33:52,963] {utils.py:371---} : INFO | variance protein intensities: -------  0.042710765735880354
[2024-05-11 02:33:52,967] {utils.py:372---} : INFO | std deviation protein intensities: --  0.16067487198562505
[2024-05-11 02:33:52,967] {utils.py:373---} : INFO | max protein intensities: ------------ 16.6934712065454
[2024-05-11 02:33:52,967] {utils.py:395---} : INFO | min protein intensities: ------------  0.0

[2024-05-11 02:33:52,979] {utils.py:399---} : INFO | |--- CATEGORIZATION ---|
[2024-05-11 02:33:52,979] {utils.py:400---} : INFO | Cut-offs: -------------- [17]
[2024-05-11 02:33:52,979] {utils.py:404---} : INFO | Number of classes: -----   2
[2024-05-11 02:33:52,979] {utils.py:405---} : INFO | Test proportion: ------- 0.2
[2024-05-11 02:33:52,979] {utils.py:406---} : INFO | Training proportion: --- 0.8
[2024-05-11 02:33:52,980] {utils.py:407---} : INFO | X start column index: --  11
[2024-05-11 02:33:52,980] {features.py:275} : INFO | y column label: -------- 'FT5'

[2024-05-11 01:10:18,345] {features.py:276} : INFO | |--- FEATURE SELECTION ---|
[2024-05-11 01:10:18,345] {features.py:277} : INFO | Feature Selection Method: ----- XGB-RFE-CV
[2024-05-11 01:10:18,345] {features.py:278} : INFO | Objective function: ----------- binary:logistic
[2024-05-11 01:10:18,345] {features.py:279} : INFO | Minimum features to select: --- 1
[2024-05-11 01:10:18,345] {features.py:280} : INFO | Num estimators/trees: --------- 100
[2024-05-11 01:10:18,345] {features.py:292} : INFO | Num CV folds: ----------------- 5
[2024-05-11 02:33:52,419] {features.py:302} : INFO | Finished: --------------------- 2024-05-11 02:33:52
[2024-05-11 02:33:52,419] {features.py:302} : INFO | Run time: --------------------- 1h:23m:36s 1:23:36s 761.763ms
[2024-05-11 02:33:52,446] {features.py:303} : INFO | Classes: ---------------------- [0 1]
[2024-05-11 02:33:52,446] {features.py:304} : INFO | Accuracy score: --------------- 0.7049180327868853
[2024-05-11 02:33:52,446] {features.py:332} : INFO | Num optimal features found: --- 23

[2024-05-10 18:07:28,936] {features.py:339} : INFO | Error: 'Index' object has no attribute 'to_csv'. Could not save best features list to csv. Unpickle the dataset_dict to access.
[2024-05-10 18:07:28,936] {features.py:339} : INFO | Plot of feature selection CV results saved to: ------------- 2024-05-11-010938__FeatureSelect__XGB-RFE-CV-feature_plot.png
[2024-05-10 18:07:28,946] {features.py:342} : INFO | XGB feature selection classifier object saved to file at: -- 2024-05-11-010938__FeatureSelect__XGB.pkl
[2024-05-10 18:07:28,971] {utils.py:531---} : INFO | XGB feature selection RFECV object saved to file at: ------- 2024-05-11-010938__FeatureSelect__RFECV.pkl
[2024-05-11 02:33:52,980] {utils.py:531---} : INFO | Pickled dataset_dict saved to: ----------------------------- 2024-05-11-010938__FeatureSelect__XGB-RFE-CV_dataset_dict.pkl
[2024-05-11 02:33:52,980] {utils.py:526---} : INFO | Logs saved to: --------------------------------------------- 2024-05-11-010938__FeatureSelect__pipline.log

[2024-05-11 02:33:52,980] {utils.py:526---} : INFO | Pipeline finished 2024-05-11 02:33:52, and took 1h:24m:14s 1:24:14s 399.787ms to run.


